LogParam, UseCfgFile[0], LogMod=Cover(AutoDel=TRUE), LogIndex[1], LogLevel[3], ZipFine[1], MaxLogFileReserved[50], LogCallBack[0x0], LogCallbackLevel[0]
Zlib: m_fnZlibVersion[1.2.13], m_szCurZlibVersion[1.2.13], m_szCurZlibPath[/home/parallels/miniconda3/bin/../lib/libz.so.1]
OpenSSL: m_fnSSLeayVersion[0x0], m_fnOpenSSLVersion[0x0] Unload
CoreBase: MemInfo, UseMemPool[1]
CoreBase: ThreadInfo, ENUM_COREBASE_THREADPOOL_DEFAULT, dwMaxCount[128]
CoreBase: ThreadInfo, ENUM_COREBASE_THREADPOOL_MSGCB, dwMaxCount[10]
CoreBase: ThreadInfo, ENUM_COREBASE_THREADPOOL_SERVERLINK, dwMaxCount[10]
CoreBase: ThreadInfo, ENUM_COREBASE_THREADPOOL_TIMERPROXY, dwMaxCount[64]
CoreBase: ThreadInfo, ENUM_COREBASE_THREADPOOL_ASYNCIO, dwMaxCount[64]
CoreBase: AbilityInfo, dwMaxMqttConnection[40960]
[2025-11-11 11:32:48.154][INF] aarch64-linux-gnu(x86_64-unknown-linux-gnu) HCUSBSDK Version is 2.5.0.3 build20240423
[2025-11-11 11:32:48.154][INF] ------------------------------------------------USB_GetDeviceCount in------------------------------------------------
[2025-11-11 11:32:48.154][INF] CUsbDeviceManager::DynamicLibLoad 1 szSetPath[]
[2025-11-11 11:32:48.154][ERR] DynamicLoadBase::LoadDSo, HPR_LoadDSo Failed, LoadPath[/home/parallels/Project/thermal-sensing-devkit/libusb-1.0.so], syserror[17]
[2025-11-11 11:32:48.154][ERR] DynamicLoadBase::LoadLib, HPR_INVALID_HANDLE == m_hLibHandle
[2025-11-11 11:32:48.154][ERR] CUsbDeviceManager::DynamicLibLoad 2 Load Lib [/home/parallels/Project/thermal-sensing-devkit/libusb-1.0.so] Load Failed
[2025-11-11 11:32:48.154][ERR] LibusbLoad USB_DEV_MGR_PTR->DynamicLibLoad Failed! When Libusb-1.0.so Load Failed, Please Check libudev.so.0 exists
[2025-11-11 11:32:48.154][INF] CUsbDeviceBuilder::EnumAndCreateDevices, Init libusb failed!
[2025-11-11 11:32:48.154][INF] ------------------------------------------------USB_GetDeviceCount out------------------------------------------------
[2025-11-11 11:32:48.154][INF] ------------------------------------------------USB_GetDeviceCount in------------------------------------------------
[2025-11-11 11:32:48.154][INF] CUsbDeviceManager::DynamicLibLoad 1 szSetPath[]
[2025-11-11 11:32:48.154][ERR] DynamicLoadBase::LoadDSo, HPR_LoadDSo Failed, LoadPath[/home/parallels/Project/thermal-sensing-devkit/libusb-1.0.so], syserror[0]
[2025-11-11 11:32:48.154][ERR] DynamicLoadBase::LoadLib, HPR_INVALID_HANDLE == m_hLibHandle
[2025-11-11 11:32:48.154][ERR] CUsbDeviceManager::DynamicLibLoad 2 Load Lib [/home/parallels/Project/thermal-sensing-devkit/libusb-1.0.so] Load Failed
[2025-11-11 11:32:48.154][ERR] LibusbLoad USB_DEV_MGR_PTR->DynamicLibLoad Failed! When Libusb-1.0.so Load Failed, Please Check libudev.so.0 exists
[2025-11-11 11:32:48.154][INF] CUsbDeviceBuilder::EnumAndCreateDevices, Init libusb failed!
[2025-11-11 11:32:48.154][INF] ------------------------------------------------USB_GetDeviceCount out------------------------------------------------
