LogParam, UseCfgFile[0], LogMod=Cover(AutoDel=TRUE), LogIndex[1], LogLevel[3], ZipFine[1], MaxLogFileReserved[50], LogCallBack[0x0], LogCallbackLevel[0]
Zlib: m_fnZlibVersion[1.3], m_szCurZlibVersion[1.3], m_szCurZlibPath[/lib/aarch64-linux-gnu/libz.so]
OpenSSL: m_fnSSLeayVersion[0x0], m_fnOpenSSLVersion[0x0] Unload
CoreBase: MemInfo, UseMemPool[1]
CoreBase: ThreadInfo, ENUM_COREBASE_THREADPOOL_DEFAULT, dwMaxCount[128]
CoreBase: ThreadInfo, ENUM_COREBASE_THREADPOOL_MSGCB, dwMaxCount[10]
CoreBase: ThreadInfo, ENUM_COREBASE_THREADPOOL_SERVERLINK, dwMaxCount[10]
CoreBase: ThreadInfo, ENUM_COREBASE_THREADPOOL_TIMERPROXY, dwMaxCount[64]
CoreBase: ThreadInfo, ENUM_COREBASE_THREADPOOL_ASYNCIO, dwMaxCount[64]
CoreBase: AbilityInfo, dwMaxMqttConnection[40960]
[2025-11-11 14:20:39.327][INF] aarch64-linux-gnu(x86_64-unknown-linux-gnu) HCUSBSDK Version is 2.5.0.3 build20240423
[2025-11-11 14:20:39.327][INF] ------------------------------------------------USB_GetDeviceCount in------------------------------------------------
[2025-11-11 14:20:39.327][INF] CUsbDeviceManager::DynamicLibLoad 1 szSetPath[]
[2025-11-11 14:20:39.327][INF] DynamicLoadBase::LoadDSo, HPR_LoadDSo succ, LoadPath[/home/parallels/Project/thermal-sensing-devkit/thermalsense/_native/armLinux/libusb-1.0.so]
[2025-11-11 14:20:39.327][INF] ---------------------------------------------------Libusb---------------------------------------------------
[2025-11-11 14:20:39.327][INF] CUsbDriverLibusb::GetDevices() dwVid[0x203a] dwPid[0xfffc] m_byRealCount[1] byEndpointIn[129] byEndpointOut[0]
[2025-11-11 14:20:39.327][INF] CUsbDriverLibusb::GetDevices() dwVid[0x203a] dwPid[0xfff9] m_byRealCount[2] byEndpointIn[131] byEndpointOut[0]
[2025-11-11 14:20:39.327][INF] CUsbDriverLibusb::GetDevices() dwVid[0x25a4] dwPid[0x9311] m_byRealCount[3] byEndpointIn[0] byEndpointOut[0]
[2025-11-11 14:20:39.327][INF] CUsbDriverLibusb::GetDevices() dwVid[0x2bdf] dwPid[0x0102] m_byRealCount[4] byEndpointIn[131] byEndpointOut[0]
[2025-11-11 14:20:39.327][INF] CUsbDriverLibusb::GetDevices() dwVid[0x203a] dwPid[0xfffe] m_byRealCount[5] byEndpointIn[129] byEndpointOut[0]
[2025-11-11 14:20:39.327][INF] CUsbDriverLibusb::GetDevices() dwVid[0x1d6b] dwPid[0x0002] m_byRealCount[6] byEndpointIn[129] byEndpointOut[0]
[2025-11-11 14:20:39.327][INF] CUsbDriverLibusb::GetDevices() dwVid[0x203a] dwPid[0xfffb] m_byRealCount[7] byEndpointIn[129] byEndpointOut[0]
[2025-11-11 14:20:39.327][INF] CUsbDriverLibusb::GetDevices() dwVid[0x1908] dwPid[0x0226] m_byRealCount[8] byEndpointIn[129] byEndpointOut[1]
[2025-11-11 14:20:39.327][INF] CUsbDriverLibusb::GetDevices() dwVid[0x203a] dwPid[0xfff9] m_byRealCount[9] byEndpointIn[131] byEndpointOut[0]
[2025-11-11 14:20:39.327][INF] CUsbDriverLibusb::GetDevices() dwVid[0x1d6b] dwPid[0x0002] m_byRealCount[10] byEndpointIn[129] byEndpointOut[0]
[2025-11-11 14:20:39.327][INF] CUsbDriverLibusb::GetDevices() dwVid[0x1d6b] dwPid[0x0003] m_byRealCount[11] byEndpointIn[129] byEndpointOut[0]
[2025-11-11 14:20:39.327][INF] ---------------------------------------------------Libusb---------------------------------------------------
[2025-11-11 14:20:39.327][INF] CUsbDeviceManager::DynamicLibLoad 1 szSetPath[]
[2025-11-11 14:20:39.327][INF] CUsbDeviceManager::DynamicLibLoad 1 szSetPath[]
[2025-11-11 14:20:39.327][INF] DynamicLoadBase::LoadDSo, HPR_LoadDSo succ, LoadPath[/home/parallels/Project/thermal-sensing-devkit/thermalsense/_native/armLinux/libuvc.so]
[2025-11-11 14:20:39.328][INF] CUsbDriverLibuvc::Init, UvcInit success[0]
[2025-11-11 14:20:39.328][INF] ---------------------------------------------------Libuvc---------------------------------------------------
[2025-11-11 14:20:39.410][INF] CUsbDriverLibuvc::EnumDveices, uvc_find_devices success[0]
[2025-11-11 14:20:39.433][INF] CUsbDriverLibuvc::EnumDevices, dwVid[0x203A] dwPid[0xFFF9] pDev[0x7f160bc0] pDevAudioHandle[0x0]
[2025-11-11 14:20:39.433][INF] CUsbDriverLibuvc::EnumDevices, dwVid[0x2BDF] dwPid[0x0102] pDev[0x7f160be0] pDevAudioHandle[0x0]
[2025-11-11 14:20:39.433][INF] CUsbDriverLibuvc::EnumDevices, dwVid[0x203A] dwPid[0xFFF9] pDev[0x7f160d00] pDevAudioHandle[0x0]
[2025-11-11 14:20:39.433][INF] ---------------------------------------------------Libuvc---------------------------------------------------
[2025-11-11 14:20:39.433][INF] ---------------------------------------------------ACS---------------------------------------------------
[2025-11-11 14:20:39.433][INF] CUsbDeviceFilter::FilterAcsWithID, iResultCount[0]
[2025-11-11 14:20:39.433][INF] CUsbDeviceBuilder::FilerAndCreateAcsDevices, Acs deivce num[0]
[2025-11-11 14:20:39.433][INF] ---------------------------------------------------ACS---------------------------------------------------
[2025-11-11 14:20:39.433][INF] ---------------------------------------------------ACS Uvc---------------------------------------------------
[2025-11-11 14:20:39.433][INF] CUsbDeviceFilter::FilterAcsUVCWithID, iResultCount[0]
[2025-11-11 14:20:39.433][INF] CUsbDeviceBuilder::FilerAndCreateAcsUvcDevices, Acs Uvc deivce num[0]
[2025-11-11 14:20:39.433][INF] ---------------------------------------------------ACS Uvc---------------------------------------------------
[2025-11-11 14:20:39.433][INF] ---------------------------------------------------Transmission Bulk---------------------------------------------------
[2025-11-11 14:20:39.433][INF] CUsbDeviceFilter::FilterTransmissionHIDWithID, iResultCount[0]
[2025-11-11 14:20:39.433][INF] CUsbDeviceBuilder::FilerAndCreateTransmissionBulkDevices, Transmission bulk deivce num[0]
[2025-11-11 14:20:39.433][INF] ---------------------------------------------------Transmission Bulk---------------------------------------------------
[2025-11-11 14:20:39.433][INF] ---------------------------------------------------Transmission Uvc---------------------------------------------------
[2025-11-11 14:20:39.433][INF] CUsbDeviceFilter::FilterTransmissionWithID, iResultCount[0]
[2025-11-11 14:20:39.433][INF] CUsbDeviceBuilder::FilerAndCreateTransmissionUvcDevices, Transmission bulk deivce num[0]
[2025-11-11 14:20:39.433][INF] ---------------------------------------------------Transmission Uvc---------------------------------------------------
[2025-11-11 14:20:39.433][INF] ---------------------------------------------------Thermal---------------------------------------------------
[2025-11-11 14:20:39.433][INF] CUsbDeviceFilter::FilterThermalWithID, USB_THERMAL_UVC_TYPE dwVid[0x2BDF] dwPid[0x0102]
[2025-11-11 14:20:39.433][INF] CUsbDeviceFilter::FilterThermalWithID, iResultCount[1]
[2025-11-11 14:20:39.458][INF] CUsbDriverLibuvc::Open(HPR_VOIDPTR pDev, HPR_VOIDPTR &pHandle), uvc_open success [0] pDev[0x7f160be0] pHandle[0x7f161cc0]
[2025-11-11 14:20:39.555][INF] CUsbDriverLibuvc::Close(HPR_VOIDPTR pHandle), pDevHandle[0x7f161cc0]
[2025-11-11 14:20:39.555][INF] CUsbProtocolUVCBase::SetProtocolVersion, m_dwVersion[2] m_byHeadLen[0]
[2025-11-11 14:20:39.555][INF] CUsbDeviceBuilder::CreateSpecificDevicesHelper, AddDevice  vid[0x2BDF] pid[0x0102] DeviceType[5] szSerialNumber[] szDeviceName[] wDeviceID[334]
[2025-11-11 14:20:39.555][INF] CUsbDeviceBuilder::FilerAndCreateThermalDevices, Thermal deivce num[1]
[2025-11-11 14:20:39.555][INF] ---------------------------------------------------Thermal---------------------------------------------------
[2025-11-11 14:20:39.555][INF] ---------------------------------------------------Camera---------------------------------------------------
[2025-11-11 14:20:39.555][INF] CUsbDeviceFilter::FilterCameraWithID, iResultCount[0]
[2025-11-11 14:20:39.555][INF] CUsbDeviceBuilder::FilerAndCreateCameraDevices, Camera deivce num[0]
[2025-11-11 14:20:39.555][INF] ---------------------------------------------------Camera---------------------------------------------------
[2025-11-11 14:20:39.555][INF] ---------------------------------------------------Standard Uvc---------------------------------------------------
[2025-11-11 14:20:39.555][ERR] CUsbDriverLibuvc::Open(HPR_VOIDPTR pDev, HPR_VOIDPTR &pHandle), uvc_open failed [-3]  syserr[13] pDev[0x7f160bc0] pHandle[0x0]
[2025-11-11 14:20:39.555][ERR] CUsbDeviceBuilder::InitDeviceInfo() -failed to open device descriptor:4
[2025-11-11 14:20:39.555][ERR] CUsbDriverLibuvc::Open(HPR_VOIDPTR pDev, HPR_VOIDPTR &pHandle), uvc_open failed [-3]  syserr[13] pDev[0x7f160d00] pHandle[0x0]
[2025-11-11 14:20:39.555][ERR] CUsbDeviceBuilder::InitDeviceInfo() -failed to open device descriptor:4
[2025-11-11 14:20:39.555][INF] CUsbDeviceBuilder::FilerAndCreateStandardUvcDevices, Standard uvc deivce num[2]
[2025-11-11 14:20:39.555][INF] ---------------------------------------------------Standard Uvc---------------------------------------------------
[2025-11-11 14:20:39.555][INF] ------------------------------------------------Devices List------------------------------------------------
[2025-11-11 14:20:39.555][INF] Index[1] VID[0x2BDF] PID[0x0102] SerialNumber[] DeviceName[] ColorType[0] HaveAudio[0] DeviceType[5]
[2025-11-11 14:20:39.555][INF] ------------------------------------------------Devices List------------------------------------------------
[2025-11-11 14:20:39.555][INF] ------------------------------------------------USB_GetDeviceCount out------------------------------------------------
[2025-11-11 14:20:39.555][INF] ------------------------------------------------USB_EnumDevices in------------------------------------------------
[2025-11-11 14:20:39.555][INF] ------------------------------------------------Devices List------------------------------------------------
[2025-11-11 14:20:39.555][INF] Index[1] VID[0x2BDF] PID[0x0102] SerialNumber[] DeviceName[] ColorType[0] HaveAudio[0] DeviceType[1]
[2025-11-11 14:20:39.555][INF] ------------------------------------------------Devices List------------------------------------------------
[2025-11-11 14:20:39.555][INF] ------------------------------------------------USB_EnumDevices out------------------------------------------------
[2025-11-11 14:20:39.555][INF] ------------------------------------------------USB_Login in------------------------------------------------
[2025-11-11 14:20:39.555][INF] byLoginMode[0] dwDevIndex[0] dwFd[0] dwVID[0x2bdf] dwPID[0x0102] dwTimeout[5000] szSerialNumber[]
[2025-11-11 14:20:39.584][INF] CUsbDriverLibuvc::Open(DeviceObjRef oDev), uvc_open success [0] struHandle.pDev[0x7f160be0] struHandle.pDevHandle[0x7f160c00]
[2025-11-11 14:20:39.595][INF] CUsbProtocolUVCBase::SetProtocolVersion, m_dwVersion[2] m_byHeadLen[0]
[2025-11-11 14:20:39.595][INF] CUsbCommandLogin::Excute, iUserID[334]
[2025-11-11 14:20:39.595][INF] ------------------------------------------------USB_Login out------------------------------------------------
[2025-11-11 14:20:39.595][INF] ------------------------------------------------USB_GetLastError------------------------------------------------[0]
[2025-11-11 14:20:39.595][INF] ------------------------------------------------[334]USB_GetDeviceConfig in[3001]------------------------------------------------
[2025-11-11 14:20:39.595][INF] CUsbDriverLibuvc::GetVideoCap, dwCount[14]
[2025-11-11 14:20:39.595][INF] ------------------------------------------------[334]USB_GetDeviceConfig out[3001]------------------------------------------------
[2025-11-11 14:20:39.595][INF] ------------------------------------------------[334]USB_GetDeviceConfig in[3003]------------------------------------------------
[2025-11-11 14:20:39.595][INF] CUsbDriverLibuvc::GetAllVideoParam, dwVideoFormat[101] dwWidth[0] dwHeight[0] dwFramerate[0]
[2025-11-11 14:20:39.595][INF] ------------------------------------------------[334]USB_GetDeviceConfig out[3003]------------------------------------------------
[2025-11-11 14:20:39.595][INF] ------------------------------------------------[334]USB_SetDeviceConfig in[3004]------------------------------------------------
[2025-11-11 14:20:39.595][INF]  CUsbCommandConfig<USB_SET_VIDEO_PARAM>, dwVideoFormat[103] dwFramerate[25] dwWidth[8] dwHeight[8642]
[2025-11-11 14:20:39.595][INF] CUsbDriverLibuvc::SetAllVideoParam, dwVideoFormat[103] dwWidth[8] dwHeight[8642] dwFramerate[25]
[2025-11-11 14:20:39.595][INF] ------------------------------------------------[334]USB_SetDeviceConfig out[3004]------------------------------------------------
[2025-11-11 14:20:40.595][INF] ------------------------------------------------USB_StartStreamCallback in------------------------------------------------
[2025-11-11 14:20:40.595][INF] USB_StartStreamCallback(),lUserID[334] dwStreamType[103], funcStreamCallBack[0x5d307264], dwSize[152]
[2025-11-11 14:20:40.595][DBG] USBStream::Init , dwVideoStreamType[103], dwWidth[8], dwHeight[8642], dwFrameRate[25]
[2025-11-11 14:20:40.595][INF] USBStream::Register, iChannel[0] SUCC
[2025-11-11 14:20:40.595][DBG] CUsbDeviceUVC::Register , iChannel[0], hWindow[0x0], dwStreamType[103], bUseAudio[0]
[2025-11-11 14:20:40.644][INF] CUsbDriverLibuvc::InitGetStream, uvc_get_stream_ctrl_format_size success:[0]
[2025-11-11 14:20:40.654][INF] CUsbDriverLibuvc::InitGetStream, uvc_stream_open_ctrl_ex success:[0]
[2025-11-11 14:20:40.655][INF] CUsbDriverLibuvc::InitGetStream, uvc_stream_start_ex success:[0]
[2025-11-11 14:20:40.655][DBG] CUsbDeviceUVC::StartStream, Driver InitGetStream Succ!
[2025-11-11 14:20:40.655][INF] CUsbCommandStreamCallback::Excute Device[0x7F1626D0]-Channel[0] StartStream SUCC
[2025-11-11 14:20:40.655][INF] ------------------------------------------------USB_StartStreamCallback out------------------------------------------------
